<?xml version="1.0" encoding="UTF-8"?>
<testng-results ignored="0" total="1" passed="1" failed="0" skipped="0">
  <reporter-output>
  </reporter-output>
  <suite started-at="2022-07-05T21:26:16 IST" name="Default suite" finished-at="2022-07-05T21:26:29 IST" duration-ms="13504">
    <groups>
    </groups>
    <test started-at="2022-07-05T21:26:16 IST" name="Default test" finished-at="2022-07-05T21:26:29 IST" duration-ms="13504">
      <class name="ActionClsMethods.MouseOperations">
        <test-method signature="dragAndDrop()[pri:0, instance:ActionClsMethods.MouseOperations@2f8dad04]" started-at="2022-07-05T21:26:16 IST" name="dragAndDrop" finished-at="2022-07-05T21:26:29 IST" duration-ms="13463" status="PASS">
          <reporter-output>
          </reporter-output>
        </test-method> <!-- dragAndDrop -->
      </class> <!-- ActionClsMethods.MouseOperations -->
    </test> <!-- Default test -->
  </suite> <!-- Default suite -->
</testng-results>
